ctor {options: Object, _layout: Layout, _isController: true, _waitlist: WaitList, state: ReactiveDict…}
All movies removed.
/home/colt/Plex/test_search
17 35 57 906
Found a video. Lone.Survivor.2013.BluRay.1080p.x264.DD5.1-HDWinG.mkv
17 35 57 912
/home/colt/Plex/test_search/lone survivor
17 35 57 918
/home/colt/Plex/test_search/lone survivo
17 35 57 924
/home/colt/Plex/test_search/lone survivor/Lone.Survivor.2013.BluRay.1080p.x264.DD5.1-HDWinG.mkv
17 35 57 930
Found a video. Zoolander.2001.1080p.BluRay.AC3.DTS.ML.x264-HDC.mkv
17 35 57 960
/home/colt/Plex/test_search/Zoolander.2001.1080p.BluRay.AC3.DTS.ML.x264-HDC.cp(tt0196229)
17 35 57 965
/home/colt/Plex/test_search/Zoolander.2001.1080p.BluRay.AC3.DTS.ML.x264-HDC.cp(tt0196229
17 35 57 970
/home/colt/Plex/test_search/Zoolander.2001.1080p.BluRay.AC3.DTS.ML.x264-HDC.cp(tt0196229)/Zoolander.2001.1080p.BluRay.AC3.DTS.ML.x264-HDC.mkv
17 35 57 975
Found a video. X-Men Origins Wolverine20091080p.mkv
17 35 57 982
/home/colt/Plex/test_search/X-Men Origins Wolverine (2009)1080p
17 35 57 987
/home/colt/Plex/test_search/X-Men Origins Wolverine (2009)1080
17 35 57 991
/home/colt/Plex/test_search/X-Men Origins Wolverine (2009)1080p/X-Men Origins Wolverine20091080p.mkv
17 35 58 2
Found a video. The Wolf of Wall Street20131080p.mkv
17 35 58 7
/home/colt/Plex/test_search/Wolf of Wall Street, The (2013)1080p
17 35 58 13
/home/colt/Plex/test_search/Wolf of Wall Street, The (2013)1080
17 35 58 18
/home/colt/Plex/test_search/Wolf of Wall Street, The (2013)1080p/The Wolf of Wall Street20131080p.mkv
17 35 58 24
Lone Survivor
17 35 58 30
Just finished the guess.
17 35 58 40
Found a video. War.Of.The.Worlds.2005.1080p.BluRay.DTS-HD.x264-BARC0DE.mkv
17 35 58 45
/home/colt/Plex/test_search/War.Of.The.Worlds.2005.1080p.BluRay.DTS-HD.x264-BARC0DE
17 35 58 57
/home/colt/Plex/test_search/War.Of.The.Worlds.2005.1080p.BluRay.DTS-HD.x264-BARC0D
17 35 58 63
/home/colt/Plex/test_search/War.Of.The.Worlds.2005.1080p.BluRay.DTS-HD.x264-BARC0DE/War.Of.The.Worlds.2005.1080p.BluRay.DTS-HD.x264-BARC0DE.mkv
17 35 58 70
Found a video. transformers.age.of.extinction.2014.multi.1080p.bluray.x264-lost.mkv
17 35 58 74
/home/colt/Plex/test_search/Transformers.Age.of.Extinction.2014.MULTi.1080p.BluRay.x264-LOST
17 35 58 84
/home/colt/Plex/test_search/Transformers.Age.of.Extinction.2014.MULTi.1080p.BluRay.x264-LOS
17 35 58 96
/home/colt/Plex/test_search/Transformers.Age.of.Extinction.2014.MULTi.1080p.BluRay.x264-LOST/transformers.age.of.extinction.2014.multi.1080p.bluray.x264-lost.mkv
17 35 58 110
Zoolander
17 35 58 118
Just finished the guess.
17 35 58 125
Found a video. Looper.2012.1080p.BluRay.DTS.x264-CyTSuNee.mkv
17 35 58 140
/home/colt/Plex/test_search/Looper.2012.1080p.BluRay.DTS.x264-CyTSuNee
17 35 58 154
/home/colt/Plex/test_search/Looper.2012.1080p.BluRay.DTS.x264-CyTSuNe
17 35 58 161
/home/colt/Plex/test_search/Looper.2012.1080p.BluRay.DTS.x264-CyTSuNee/Looper.2012.1080p.BluRay.DTS.x264-CyTSuNee.mkv
17 35 58 171
Found a video. The Longest Ride20151080p.mkv
17 35 58 179
/home/colt/Plex/test_search/Longest Ride, The (2015)1080p
17 35 58 187
/home/colt/Plex/test_search/Longest Ride, The (2015)1080
17 35 58 190
/home/colt/Plex/test_search/Longest Ride, The (2015)1080p/The Longest Ride20151080p.mkv
17 35 58 195
Found a video. Lone.Survivor.2013.BluRay.1080p.x264.DD5.1-HDWinG.mkv
17 35 58 204
/home/colt/Plex/test_search/Lone.Survivor.2013.BluRay.1080p.x264.DD5.1-HDWinG.cp(tt1091191)
17 35 58 208
/home/colt/Plex/test_search/Lone.Survivor.2013.BluRay.1080p.x264.DD5.1-HDWinG.cp(tt1091191
17 35 58 213
/home/colt/Plex/test_search/Lone.Survivor.2013.BluRay.1080p.x264.DD5.1-HDWinG.cp(tt1091191)/Lone.Survivor.2013.BluRay.1080p.x264.DD5.1-HDWinG.mkv
17 35 58 222
Found a video. Kill.Bill.Vol.2.2004.REPACK.1080p.BluRay.AC3.x264-CtrlHD.mkv
17 35 58 227
/home/colt/Plex/test_search/Kill.Bill.Vol.2.2004.REPACK.1080p.BluRay.AC3.x264-CtrlHD.cp(tt0378194)
17 35 58 233
/home/colt/Plex/test_search/Kill.Bill.Vol.2.2004.REPACK.1080p.BluRay.AC3.x264-CtrlHD.cp(tt0378194
17 35 58 246
/home/colt/Plex/test_search/Kill.Bill.Vol.2.2004.REPACK.1080p.BluRay.AC3.x264-CtrlHD.cp(tt0378194)/Kill.Bill.Vol.2.2004.REPACK.1080p.BluRay.AC3.x264-CtrlHD.mkv
17 35 58 253
Found a video. jack.ryan.shadow.recruit.2014.1080p.bluray.dts.x264-hdmaniacs.mkv
17 35 58 292
/home/colt/Plex/test_search/Jack.Ryan.Shadow.Recruit.2014.1080p.BluRay.DTS.x264-HDMaNiAcS.cp(tt1205537)
17 35 58 319
/home/colt/Plex/test_search/Jack.Ryan.Shadow.Recruit.2014.1080p.BluRay.DTS.x264-HDMaNiAcS.cp(tt1205537
17 35 58 329
/home/colt/Plex/test_search/Jack.Ryan.Shadow.Recruit.2014.1080p.BluRay.DTS.x264-HDMaNiAcS.cp(tt1205537)/jack.ryan.shadow.recruit.2014.1080p.bluray.dts.x264-hdmaniacs.mkv
17 35 58 336
War Of The Worlds
17 35 58 341
Just finished the guess.
17 35 58 350
Found a video. Alien19791080p.mkv
17 35 58 354
/home/colt/Plex/test_search/Alien (1979)1080p
17 35 58 359
/home/colt/Plex/test_search/Alien (1979)1080
17 35 58 368
/home/colt/Plex/test_search/Alien (1979)1080p/Alien19791080p.mkv
17 35 58 375
allVideos
17 35 58 387
[Object, Object, Object]0: Object1: Object2: Objectlength: 3__proto__: Array[0]
17 35 58 396
transformers age of extinction
17 35 58 402
Just finished the guess.
17 35 58 410
Looper
17 35 58 416
Just finished the guess.
17 35 58 421
X-Men Origins Wolverine
17 35 58 436
Just finished the guess.
17 35 58 442
Lone Survivor
17 35 58 449
Just finished the guess.
17 35 58 459
The Wolf of Wall Street
17 35 58 464
Just finished the guess.
17 35 58 471
Kill Bill Vol 2
17 35 58 477
Just finished the guess.
17 35 58 483
jack ryan shadow recruit
17 35 58 492
Just finished the guess.
17 35 58 522
The Longest Ride
17 35 58 528
Just finished the guess.
17 35 58 540
Alien
17 35 58 549
Just finished the guess.
17 35 58 671
Found Lone Survivor
17 35 59 26
Found Zoolander
17 35 59 392
Found War Of The Worlds
17 35 59 465
pipeline
17 35 59 473
[Object, Object, Object, Object, Object, Object, Object]
17 35 59 488
All ones
17 35 59 492
Object {_id: "Looper", count: 2, docs: Array[2]}
17 35 59 499
All locations
17 35 59 507
["/home/colt/Plex/test_search/Looper.2012.1080p.BluR…ee/Looper.2012.1080p.BluRay.DTS.x264-CyTSuNee.mkv"]
17 35 59 516
TZRhBgyEJfWhegJad
17 35 59 522
All ones
17 35 59 529
Object {_id: "War of the Worlds", count: 2, docs: Array[2]}
17 35 59 536
All locations
17 35 59 542
["/home/colt/Plex/test_search/War.Of.The.Worlds.2005….Worlds.2005.1080p.BluRay.DTS-HD.x264-BARC0DE.mkv"]
17 35 59 550
4gF2W8jfyKG69ivsd
17 35 59 556
All ones
17 35 59 561
Object {_id: "Zoolander", count: 2, docs: Array[2]}
17 35 59 568
All locations
17 35 59 573
["/home/colt/Plex/test_search/Zoolander.2001.1080p.B…olander.2001.1080p.BluRay.AC3.DTS.ML.x264-HDC.mkv"]
17 35 59 578
rQLHgRbwKeN2eCfXB
17 35 59 588
All ones
17 35 59 592
Object {_id: "Alien", count: 2, docs: Array[2]}
17 35 59 598
All locations
17 35 59 607
["/home/colt/Plex/test_search/Alien (1979)1080p/Alien19791080p.mkv"]
17 35 59 614
ae8cvGFFzkSKRwxmK
17 35 59 621
All ones
17 35 59 627
Object {_id: "The Wolf of Wall Street", count: 2, docs: Array[2]}
17 35 59 640
All locations
17 35 59 648
["/home/colt/Plex/test_search/Wolf of Wall Street, T… (2013)1080p/The Wolf of Wall Street20131080p.mkv"]
17 35 59 655
8F6WA4WG26r6brmzZ
17 35 59 660
All ones
17 35 59 667
Object {_id: "The Longest Ride", count: 2, docs: Array[2]}
17 35 59 674
All locations
17 35 59 681
["/home/colt/Plex/test_search/Longest Ride, The (2015)1080p/The Longest Ride20151080p.mkv"]
17 35 59 688
yuitDyhCr5t5JQdb4
17 35 59 692
All ones
17 35 59 696
Object {_id: "Lone Survivor", count: 3, docs: Array[3]}
17 35 59 703
All locations
17 35 59 710
[Array[1], "/home/colt/Plex/test_search/lone survivor/Lone.Survivor.2013.BluRay.1080p.x264.DD5.1-HDWinG.mkv"]
17 35 59 719
pjsPZbBLJttqSTtYX
Finished!
Moviess.find({}).fetch()
[Object, Object, Object, Object, Object, Object, Object, Object, Object, Object, Object, Object]
